<?xml version="1.0" encoding="UTF-8"?>
<!-- Generated by org.testng.reporters.JUnitReportReporter -->
<testsuite skipped="0" hostname="DESKTOP-2VRFPIJ" name="testCASES.ReadAllProducts" tests="1" failures="0" timestamp="23 Aug 2022 02:47:07 GMT" time="1.619" errors="0">
  <testcase name="Read_All_Products" time="1.619" classname="testCASES.ReadAllProducts"/>
</testsuite> <!-- testCASES.ReadAllProducts -->
