<?xml version="1.0" encoding="UTF-8"?>
<!-- Generated by org.testng.reporters.JUnitReportReporter -->
<testsuite skipped="0" hostname="DESKTOP-2VRFPIJ" name="testCASES.UpdateOneProduct" tests="1" failures="0" timestamp="23 Aug 2022 02:47:24 GMT" time="1.190" errors="0">
  <testcase name="Update_One_Products" time="1.190" classname="testCASES.UpdateOneProduct"/>
</testsuite> <!-- testCASES.UpdateOneProduct -->
