<?xml version="1.0" encoding="UTF-8"?>
<!-- Generated by org.testng.reporters.JUnitReportReporter -->
<testsuite skipped="0" hostname="DESKTOP-2VRFPIJ" name="testCASES.ReadOneProducts" tests="1" failures="0" timestamp="23 Aug 2022 02:47:16 GMT" time="1.223" errors="0">
  <testcase name="Read_One_Products" time="1.223" classname="testCASES.ReadOneProducts"/>
</testsuite> <!-- testCASES.ReadOneProducts -->
